mode: set
github.com/scttfrdmn/cargoship/pkg/suitcase/tar/tar.go:28.65,33.2 1 1
github.com/scttfrdmn/cargoship/pkg/suitcase/tar/tar.go:36.49,38.2 1 1
github.com/scttfrdmn/cargoship/pkg/suitcase/tar/tar.go:41.33,43.2 1 1
github.com/scttfrdmn/cargoship/pkg/suitcase/tar/tar.go:46.66,48.16 2 1
github.com/scttfrdmn/cargoship/pkg/suitcase/tar/tar.go:48.16,50.3 1 1
github.com/scttfrdmn/cargoship/pkg/suitcase/tar/tar.go:51.2,53.37 2 1
github.com/scttfrdmn/cargoship/pkg/suitcase/tar/tar.go:53.37,55.17 2 0
github.com/scttfrdmn/cargoship/pkg/suitcase/tar/tar.go:55.17,57.4 1 0
github.com/scttfrdmn/cargoship/pkg/suitcase/tar/tar.go:59.2,60.16 2 1
github.com/scttfrdmn/cargoship/pkg/suitcase/tar/tar.go:60.16,62.3 1 0
github.com/scttfrdmn/cargoship/pkg/suitcase/tar/tar.go:63.2,64.48 2 1
github.com/scttfrdmn/cargoship/pkg/suitcase/tar/tar.go:64.48,66.3 1 0
github.com/scttfrdmn/cargoship/pkg/suitcase/tar/tar.go:67.2,68.16 2 1
github.com/scttfrdmn/cargoship/pkg/suitcase/tar/tar.go:68.16,70.3 1 0
github.com/scttfrdmn/cargoship/pkg/suitcase/tar/tar.go:72.2,74.22 3 1
github.com/scttfrdmn/cargoship/pkg/suitcase/tar/tar.go:74.22,76.18 2 1
github.com/scttfrdmn/cargoship/pkg/suitcase/tar/tar.go:76.18,78.4 1 0
github.com/scttfrdmn/cargoship/pkg/suitcase/tar/tar.go:81.3,83.18 3 1
github.com/scttfrdmn/cargoship/pkg/suitcase/tar/tar.go:83.18,85.4 1 0
github.com/scttfrdmn/cargoship/pkg/suitcase/tar/tar.go:88.3,95.18 4 1
github.com/scttfrdmn/cargoship/pkg/suitcase/tar/tar.go:95.18,97.4 1 0
github.com/scttfrdmn/cargoship/pkg/suitcase/tar/tar.go:99.2,100.16 2 1
github.com/scttfrdmn/cargoship/pkg/suitcase/tar/tar.go:104.54,106.16 2 1
github.com/scttfrdmn/cargoship/pkg/suitcase/tar/tar.go:106.16,108.3 1 1
github.com/scttfrdmn/cargoship/pkg/suitcase/tar/tar.go:109.2,110.37 2 1
github.com/scttfrdmn/cargoship/pkg/suitcase/tar/tar.go:110.37,112.17 2 0
github.com/scttfrdmn/cargoship/pkg/suitcase/tar/tar.go:112.17,114.4 1 0
github.com/scttfrdmn/cargoship/pkg/suitcase/tar/tar.go:116.2,119.16 3 1
github.com/scttfrdmn/cargoship/pkg/suitcase/tar/tar.go:119.16,121.3 1 0
github.com/scttfrdmn/cargoship/pkg/suitcase/tar/tar.go:123.2,124.16 2 1
github.com/scttfrdmn/cargoship/pkg/suitcase/tar/tar.go:124.16,126.3 1 1
github.com/scttfrdmn/cargoship/pkg/suitcase/tar/tar.go:128.2,136.16 3 1
github.com/scttfrdmn/cargoship/pkg/suitcase/tar/tar.go:136.16,138.3 1 0
github.com/scttfrdmn/cargoship/pkg/suitcase/tar/tar.go:139.2,145.48 2 1
github.com/scttfrdmn/cargoship/pkg/suitcase/tar/tar.go:145.48,147.3 1 0
github.com/scttfrdmn/cargoship/pkg/suitcase/tar/tar.go:148.2,149.12 2 1
github.com/scttfrdmn/cargoship/pkg/suitcase/tar/tar.go:152.26,154.16 2 1
github.com/scttfrdmn/cargoship/pkg/suitcase/tar/tar.go:154.16,156.3 1 1
